<?xml version="1.0" encoding="UTF-8"?>
<testng-results ignored="0" total="1" passed="1" failed="0" skipped="0">
  <reporter-output>
  </reporter-output>
  <suite started-at="2023-07-07T14:02:44 PDT" name="Default suite" finished-at="2023-07-07T14:04:08 PDT" duration-ms="84036">
    <groups>
    </groups>
    <test started-at="2023-07-07T14:02:44 PDT" name="Default test" finished-at="2023-07-07T14:04:08 PDT" duration-ms="84036">
      <class name="Test.NaukriTest">
        <test-method is-config="true" signature="setup()[pri:0, instance:Test.NaukriTest@7bd4937b]" started-at="2023-07-07T14:02:44 PDT" name="setup" finished-at="2023-07-07T14:03:09 PDT" duration-ms="24670" status="PASS">
          <reporter-output>
          </reporter-output>
        </test-method> <!-- setup -->
        <test-method signature="testing()[pri:0, instance:Test.NaukriTest@7bd4937b]" started-at="2023-07-07T14:03:09 PDT" name="testing" finished-at="2023-07-07T14:04:08 PDT" duration-ms="59222" status="PASS">
          <reporter-output>
          </reporter-output>
        </test-method> <!-- testing -->
      </class> <!-- Test.NaukriTest -->
    </test> <!-- Default test -->
  </suite> <!-- Default suite -->
</testng-results>
